<?xml version="1.0" encoding="UTF-8"?>
<!-- Generated by org.testng.reporters.JUnitXMLReporter -->
<testsuite hostname="ubuntu-CR70-2M-CX70-2OC-CX70-2OD" name="load TestJboss4" tests="2" failures="0" timestamp="22 Jan 2017 16:03:34 GMT" time="4.822" errors="0">
  <testcase name="testMethod" time="4.625" classname="com.catamania.loadtestjboss4.AuthentAndSubmit"/>
  <testcase name="testMethod" time="4.627" classname="com.catamania.loadtestjboss4.AuthentAndSubmit"/>
</testsuite> <!-- load TestJboss4 -->
