<?xml version="1.0" encoding="UTF-8"?>
<testng-results skipped="0" failed="0" total="2" passed="2">
  <reporter-output>
  </reporter-output>
  <suite name="load TestJboss4" duration-ms="4822" started-at="2017-01-22T16:03:29Z" finished-at="2017-01-22T16:03:34Z">
    <groups>
    </groups>
    <test name="load TestJboss4" duration-ms="4822" started-at="2017-01-22T16:03:29Z" finished-at="2017-01-22T16:03:34Z">
      <class name="com.catamania.loadtestjboss4.AuthentAndSubmit">
        <test-method status="PASS" signature="beforeTest()[pri:0, instance:com.catamania.loadtestjboss4.AuthentAndSubmit@668bc3d5]" name="beforeTest" is-config="true" duration-ms="163" started-at="2017-01-22T17:03:29Z" finished-at="2017-01-22T17:03:29Z">
          <reporter-output>
          </reporter-output>
        </test-method> <!-- beforeTest -->
        <test-method status="PASS" signature="testMethod()[pri:0, instance:com.catamania.loadtestjboss4.AuthentAndSubmit@668bc3d5]" name="testMethod" duration-ms="4625" started-at="2017-01-22T17:03:29Z" finished-at="2017-01-22T17:03:34Z">
          <reporter-output>
          </reporter-output>
        </test-method> <!-- testMethod -->
        <test-method status="PASS" signature="testMethod()[pri:0, instance:com.catamania.loadtestjboss4.AuthentAndSubmit@668bc3d5]" name="testMethod" duration-ms="4627" started-at="2017-01-22T17:03:29Z" finished-at="2017-01-22T17:03:34Z">
          <reporter-output>
          </reporter-output>
        </test-method> <!-- testMethod -->
        <test-method status="PASS" signature="afterTest()[pri:0, instance:com.catamania.loadtestjboss4.AuthentAndSubmit@668bc3d5]" name="afterTest" is-config="true" duration-ms="16" started-at="2017-01-22T17:03:34Z" finished-at="2017-01-22T17:03:34Z">
          <reporter-output>
          </reporter-output>
        </test-method> <!-- afterTest -->
      </class> <!-- com.catamania.loadtestjboss4.AuthentAndSubmit -->
    </test> <!-- load TestJboss4 -->
  </suite> <!-- load TestJboss4 -->
</testng-results>
